[INFO  - 2019-05-27T07:08:59.303Z] GhostDriver - Main - running on port 14377
[INFO  - 2019-05-27T07:09:00.253Z] Session [4d32a580-804e-11e9-9ad6-db88bacda655] - page.settings - {"XSSAuditingEnabled":false,"javascriptCanCloseWindows":true,"javascriptCanOpenWindows":true,"javascriptEnabled":true,"loadImages":true,"localToRemoteUrlAccessEnabled":false,"userAgent":"Mozilla/5.0 (Windows NT 6.2; WOW64) AppleWebKit/538.1 (KHTML, like Gecko) PhantomJS/2.1.1 Safari/538.1","webSecurityEnabled":true}
[INFO  - 2019-05-27T07:09:00.253Z] Session [4d32a580-804e-11e9-9ad6-db88bacda655] - page.customHeaders:  - {}
[INFO  - 2019-05-27T07:09:00.263Z] Session [4d32a580-804e-11e9-9ad6-db88bacda655] - Session.negotiatedCapabilities - {"browserName":"phantomjs","version":"2.1.1","driverName":"ghostdriver","driverVersion":"1.2.0","platform":"windows-10-32bit","javascriptEnabled":true,"takesScreenshot":true,"handlesAlerts":false,"databaseEnabled":false,"locationContextEnabled":false,"applicationCacheEnabled":false,"browserConnectionEnabled":false,"cssSelectorsEnabled":true,"webStorageEnabled":false,"rotatable":false,"acceptSslCerts":false,"nativeEvents":true,"proxy":{"proxyType":"direct"}}
[INFO  - 2019-05-27T07:09:00.263Z] SessionManagerReqHand - _postNewSessionCommand - New Session Created: 4d32a580-804e-11e9-9ad6-db88bacda655
[INFO  - 2019-05-27T07:09:11.577Z] ShutdownReqHand - _handle - About to shutdown
[INFO  - 2019-05-27T07:10:00.883Z] GhostDriver - Main - running on port 26309
[INFO  - 2019-05-27T07:10:01.609Z] Session [71c4d440-804e-11e9-9b3a-1be474ca9f20] - page.settings - {"XSSAuditingEnabled":false,"javascriptCanCloseWindows":true,"javascriptCanOpenWindows":true,"javascriptEnabled":true,"loadImages":true,"localToRemoteUrlAccessEnabled":false,"userAgent":"Mozilla/5.0 (Windows NT 6.2; WOW64) AppleWebKit/538.1 (KHTML, like Gecko) PhantomJS/2.1.1 Safari/538.1","webSecurityEnabled":true}
[INFO  - 2019-05-27T07:10:01.609Z] Session [71c4d440-804e-11e9-9b3a-1be474ca9f20] - page.customHeaders:  - {}
[INFO  - 2019-05-27T07:10:01.609Z] Session [71c4d440-804e-11e9-9b3a-1be474ca9f20] - Session.negotiatedCapabilities - {"browserName":"phantomjs","version":"2.1.1","driverName":"ghostdriver","driverVersion":"1.2.0","platform":"windows-10-32bit","javascriptEnabled":true,"takesScreenshot":true,"handlesAlerts":false,"databaseEnabled":false,"locationContextEnabled":false,"applicationCacheEnabled":false,"browserConnectionEnabled":false,"cssSelectorsEnabled":true,"webStorageEnabled":false,"rotatable":false,"acceptSslCerts":false,"nativeEvents":true,"proxy":{"proxyType":"direct"}}
[INFO  - 2019-05-27T07:10:01.609Z] SessionManagerReqHand - _postNewSessionCommand - New Session Created: 71c4d440-804e-11e9-9b3a-1be474ca9f20
[INFO  - 2019-05-27T07:10:09.301Z] ShutdownReqHand - _handle - About to shutdown
[INFO  - 2019-05-27T07:11:24.134Z] GhostDriver - Main - running on port 30882
[INFO  - 2019-05-27T07:11:24.552Z] Session [a334ed30-804e-11e9-8679-cd1e8c968a9e] - page.settings - {"XSSAuditingEnabled":false,"javascriptCanCloseWindows":true,"javascriptCanOpenWindows":true,"javascriptEnabled":true,"loadImages":true,"localToRemoteUrlAccessEnabled":false,"userAgent":"Mozilla/5.0 (Windows NT 6.2; WOW64) AppleWebKit/538.1 (KHTML, like Gecko) PhantomJS/2.1.1 Safari/538.1","webSecurityEnabled":true}
[INFO  - 2019-05-27T07:11:24.552Z] Session [a334ed30-804e-11e9-8679-cd1e8c968a9e] - page.customHeaders:  - {}
[INFO  - 2019-05-27T07:11:24.553Z] Session [a334ed30-804e-11e9-8679-cd1e8c968a9e] - Session.negotiatedCapabilities - {"browserName":"phantomjs","version":"2.1.1","driverName":"ghostdriver","driverVersion":"1.2.0","platform":"windows-10-32bit","javascriptEnabled":true,"takesScreenshot":true,"handlesAlerts":false,"databaseEnabled":false,"locationContextEnabled":false,"applicationCacheEnabled":false,"browserConnectionEnabled":false,"cssSelectorsEnabled":true,"webStorageEnabled":false,"rotatable":false,"acceptSslCerts":false,"nativeEvents":true,"proxy":{"proxyType":"direct"}}
[INFO  - 2019-05-27T07:11:24.553Z] SessionManagerReqHand - _postNewSessionCommand - New Session Created: a334ed30-804e-11e9-8679-cd1e8c968a9e
[INFO  - 2019-05-27T07:11:28.367Z] ShutdownReqHand - _handle - About to shutdown
[INFO  - 2019-05-27T07:12:34.603Z] GhostDriver - Main - running on port 5322
[INFO  - 2019-05-27T07:12:35.047Z] Session [cd39c330-804e-11e9-a5ab-ef653f562bc3] - page.settings - {"XSSAuditingEnabled":false,"javascriptCanCloseWindows":true,"javascriptCanOpenWindows":true,"javascriptEnabled":true,"loadImages":true,"localToRemoteUrlAccessEnabled":false,"userAgent":"Mozilla/5.0 (Windows NT 6.2; WOW64) AppleWebKit/538.1 (KHTML, like Gecko) PhantomJS/2.1.1 Safari/538.1","webSecurityEnabled":true}
[INFO  - 2019-05-27T07:12:35.048Z] Session [cd39c330-804e-11e9-a5ab-ef653f562bc3] - page.customHeaders:  - {}
[INFO  - 2019-05-27T07:12:35.048Z] Session [cd39c330-804e-11e9-a5ab-ef653f562bc3] - Session.negotiatedCapabilities - {"browserName":"phantomjs","version":"2.1.1","driverName":"ghostdriver","driverVersion":"1.2.0","platform":"windows-10-32bit","javascriptEnabled":true,"takesScreenshot":true,"handlesAlerts":false,"databaseEnabled":false,"locationContextEnabled":false,"applicationCacheEnabled":false,"browserConnectionEnabled":false,"cssSelectorsEnabled":true,"webStorageEnabled":false,"rotatable":false,"acceptSslCerts":false,"nativeEvents":true,"proxy":{"proxyType":"direct"}}
[INFO  - 2019-05-27T07:12:35.048Z] SessionManagerReqHand - _postNewSessionCommand - New Session Created: cd39c330-804e-11e9-a5ab-ef653f562bc3
[INFO  - 2019-05-27T07:12:38.402Z] ShutdownReqHand - _handle - About to shutdown
[INFO  - 2019-05-27T07:13:13.834Z] GhostDriver - Main - running on port 9806
[INFO  - 2019-05-27T07:13:14.128Z] Session [e4847080-804e-11e9-9a70-d9909ccfcd1d] - page.settings - {"XSSAuditingEnabled":false,"javascriptCanCloseWindows":true,"javascriptCanOpenWindows":true,"javascriptEnabled":true,"loadImages":true,"localToRemoteUrlAccessEnabled":false,"userAgent":"Mozilla/5.0 (Windows NT 6.2; WOW64) AppleWebKit/538.1 (KHTML, like Gecko) PhantomJS/2.1.1 Safari/538.1","webSecurityEnabled":true}
[INFO  - 2019-05-27T07:13:14.128Z] Session [e4847080-804e-11e9-9a70-d9909ccfcd1d] - page.customHeaders:  - {}
[INFO  - 2019-05-27T07:13:14.128Z] Session [e4847080-804e-11e9-9a70-d9909ccfcd1d] - Session.negotiatedCapabilities - {"browserName":"phantomjs","version":"2.1.1","driverName":"ghostdriver","driverVersion":"1.2.0","platform":"windows-10-32bit","javascriptEnabled":true,"takesScreenshot":true,"handlesAlerts":false,"databaseEnabled":false,"locationContextEnabled":false,"applicationCacheEnabled":false,"browserConnectionEnabled":false,"cssSelectorsEnabled":true,"webStorageEnabled":false,"rotatable":false,"acceptSslCerts":false,"nativeEvents":true,"proxy":{"proxyType":"direct"}}
[INFO  - 2019-05-27T07:13:14.129Z] SessionManagerReqHand - _postNewSessionCommand - New Session Created: e4847080-804e-11e9-9a70-d9909ccfcd1d
[INFO  - 2019-05-27T07:13:19.367Z] ShutdownReqHand - _handle - About to shutdown
[INFO  - 2019-05-27T07:17:43.836Z] GhostDriver - Main - running on port 20464
[INFO  - 2019-05-27T07:17:43.925Z] Session [85547ff0-804f-11e9-a8fa-df44c5cc3d80] - page.settings - {"XSSAuditingEnabled":false,"javascriptCanCloseWindows":true,"javascriptCanOpenWindows":true,"javascriptEnabled":true,"loadImages":true,"localToRemoteUrlAccessEnabled":false,"userAgent":"Mozilla/5.0 (Windows NT 6.2; WOW64) AppleWebKit/538.1 (KHTML, like Gecko) PhantomJS/2.1.1 Safari/538.1","webSecurityEnabled":true}
[INFO  - 2019-05-27T07:17:43.925Z] Session [85547ff0-804f-11e9-a8fa-df44c5cc3d80] - page.customHeaders:  - {}
[INFO  - 2019-05-27T07:17:43.925Z] Session [85547ff0-804f-11e9-a8fa-df44c5cc3d80] - Session.negotiatedCapabilities - {"browserName":"phantomjs","version":"2.1.1","driverName":"ghostdriver","driverVersion":"1.2.0","platform":"windows-10-32bit","javascriptEnabled":true,"takesScreenshot":true,"handlesAlerts":false,"databaseEnabled":false,"locationContextEnabled":false,"applicationCacheEnabled":false,"browserConnectionEnabled":false,"cssSelectorsEnabled":true,"webStorageEnabled":false,"rotatable":false,"acceptSslCerts":false,"nativeEvents":true,"proxy":{"proxyType":"direct"}}
[INFO  - 2019-05-27T07:17:43.926Z] SessionManagerReqHand - _postNewSessionCommand - New Session Created: 85547ff0-804f-11e9-a8fa-df44c5cc3d80
[INFO  - 2019-05-27T07:17:47.542Z] ShutdownReqHand - _handle - About to shutdown
